<?xml version="1.0"?>
<TestRun xmlns="http://microsoft.com/schemas/VisualStudio/TeamTest/2010" id="4f632f26-97ab-4912-ba43-82f392c9692a" name="Test TRX" runUser="Brian Mancini">
  <ResultSummary outcome="Completed">
    <Counters total="1" executed="1" passed="1" error="0" failed="0" timeout="0" aborted="0" inconclusive="0" passedButRunAborted="0" notRunnable="0" notExecuted="0" disconnected="0" warning="0" completed="0" inProgress="0" pending="0"/>
  </ResultSummary>
  <TestDefinitions>
    <UnitTest id="0993aa01-baf9-4029-ab69-b3e3f91c29d8" name="test 1">
      <Execution id="441d57e1-9da7-4ad9-9739-2f83fad12c43"/>
      <TestMethod codeBase="codebase" className="classname" name="test1"/>
    </UnitTest>
  </TestDefinitions>
  <TestLists>
    <TestList id="8c84fa94-04c1-424b-9868-57a2d4851a1d" name="Results Not in a List"/>
    <TestList id="19431567-8539-422a-85d7-44ee4e166bda" name="All Loaded Results"/>
  </TestLists>
  <TestEntries>
    <TestEntry testId="0993aa01-baf9-4029-ab69-b3e3f91c29d8" executionId="441d57e1-9da7-4ad9-9739-2f83fad12c43" testListId="8c84fa94-04c1-424b-9868-57a2d4851a1d"/>
  </TestEntries>
  <Results>
    <UnitTestResult testId="0993aa01-baf9-4029-ab69-b3e3f91c29d8" testName="test 1" testType="13cdc9d9-ddb5-4fa4-a97d-d965ccfc6d4b" testListId="8c84fa94-04c1-424b-9868-57a2d4851a1d" computerName="Computer" outcome="Passed" startTime="2010-11-16T08:48:29.9072393-08:00" endTime="2010-11-16T08:49:16.9694381-08:00" duration="00:00:44.7811567" executionId="441d57e1-9da7-4ad9-9739-2f83fad12c43"/>
  </Results>
</TestRun>